<?xml version="1.0" encoding="UTF-8"?>
<!-- Generated by org.testng.reporters.JUnitXMLReporter -->
<testsuite hostname="DESKTOP-GBQT2QC" ignored="0" name="Testnaukri" tests="3" failures="0" timestamp="28 Mar 2017 10:53:14 GMT" time="26.021" errors="0">
  <testcase name="login__" time="4.368" classname="com.update.testCases.Login_"/>
  <testcase name="upload" time="15.728" classname="com.update.testCases.Login_"/>
  <testcase name="logout" time="5.915" classname="com.update.testCases.Login_"/>
</testsuite> <!-- Testnaukri -->
