<?xml version="1.0" encoding="UTF-8"?>
<!-- Generated by org.testng.reporters.JUnitXMLReporter -->
<testsuite hostname="DESKTOP-GBQT2QC" ignored="0" name="Testnaukri" tests="3" failures="0" timestamp="29 Mar 2017 02:47:38 GMT" time="25.781" errors="0">
  <testcase name="login__" time="4.304" classname="com.update.testCases.Login_"/>
  <testcase name="upload" time="16.164" classname="com.update.testCases.Login_"/>
  <testcase name="logout" time="5.296" classname="com.update.testCases.Login_"/>
</testsuite> <!-- Testnaukri -->
