<?xml version="1.0" encoding="UTF-8"?>
<!-- Generated by org.testng.reporters.JUnitXMLReporter -->
<testsuite hostname="DESKTOP-GBQT2QC" ignored="0" name="Default test" tests="3" failures="0" timestamp="26 Mar 2017 19:38:31 GMT" time="21.896" errors="0">
  <testcase name="login__" time="4.273" classname="com.update.testCases.Login_"/>
  <testcase name="upload" time="14.802" classname="com.update.testCases.Login_"/>
  <testcase name="logout" time="2.763" classname="com.update.testCases.Login_"/>
</testsuite> <!-- Default test -->
