<?xml version="1.0" encoding="UTF-8"?>
<testsuite xmlns:xsi="http://www.w3.org/2001/XMLSchema-instance" xsi:schemaLocation="https://maven.apache.org/surefire/maven-surefire-plugin/xsd/surefire-test-report.xsd" name="TestSuite" time="85.764" tests="7" errors="0" skipped="0" failures="5">
  <properties>
[...]
</properties>
  <testcase name="login" classname="monster.update.testCases.Login_Mon" time="21.468">
    <failure message="no such element: Unable to locate element: {&quot;method&quot;:&quot;xpath&quot;,&quot;selector&quot;:&quot;.//*[@id=&apos;update_pfbtn&apos;]/a&quot;}&#10;  (Session info: chrome=56.0.2924.87)&#10;  (Driver info: chromedriver=2.27.440174 (e97a722caafc2d3a8b807ee115bfb307f7d2cfd9),platform=Windows NT 10.0.14393 x86) (WARNING: The server did not provide any stacktrace information)&#10;Command duration or timeout: 86 milliseconds&#10;For documentation on this error, please visit: http://seleniumhq.org/exceptions/no_such_element.html&#10;Build info: version: &apos;2.42.0&apos;, revision: &apos;5e824302019c86eae9c8c3ca9155e7307b410cf8&apos;, time: &apos;2014-05-24 09:48:41&apos;&#10;System info: host: &apos;DESKTOP-GBQT2QC&apos;, ip: &apos;172.18.24.180&apos;, os.name: &apos;Windows 10&apos;, os.arch: &apos;x86&apos;, os.version: &apos;10.0&apos;, java.version: &apos;1.8.0_121&apos;&#10;Driver info: org.openqa.selenium.chrome.ChromeDriver&#10;Capabilities [{applicationCacheEnabled=false, rotatable=false, mobileEmulationEnabled=false, networkConnectionEnabled=false, chrome={chromedriverVersion=2.27.440174 (e97a722caafc2d3a8b807ee115bfb307f7d2cfd9), userDataDir=C:\Users\luckie\AppData\Local\Temp\scoped_dir6748_6910}, takesHeapSnapshot=true, pageLoadStrategy=normal, databaseEnabled=false, handlesAlerts=true, hasTouchScreen=false, version=56.0.2924.87, platform=XP, browserConnectionEnabled=false, nativeEvents=true, acceptSslCerts=true, locationContextEnabled=true, webStorageEnabled=true, browserName=chrome, takesScreenshot=true, javascriptEnabled=true, cssSelectorsEnabled=true, unexpectedAlertBehaviour=}]&#10;Session ID: da678ea24c37a13fd1b32bb14893c78e" type="org.openqa.selenium.NoSuchElementException">org.openqa.selenium.NoSuchElementException: 
no such element: Unable to locate element: {"method":"xpath","selector":".//*[@id='update_pfbtn']/a"}
  (Session info: chrome=56.0.2924.87)
  (Driver info: chromedriver=2.27.440174 (e97a722caafc2d3a8b807ee115bfb307f7d2cfd9),platform=Windows NT 10.0.14393 x86) (WARNING: The server did not provide any stacktrace information)
Command duration or timeout: 86 milliseconds
For documentation on this error, please visit: http://seleniumhq.org/exceptions/no_such_element.html
Build info: version: '2.42.0', revision: '5e824302019c86eae9c8c3ca9155e7307b410cf8', time: '2014-05-24 09:48:41'
System info: host: 'DESKTOP-GBQT2QC', ip: '172.18.24.180', os.name: 'Windows 10', os.arch: 'x86', os.version: '10.0', java.version: '1.8.0_121'
Driver info: org.openqa.selenium.chrome.ChromeDriver
Capabilities [{applicationCacheEnabled=false, rotatable=false, mobileEmulationEnabled=false, networkConnectionEnabled=false, chrome={chromedriverVersion=2.27.440174 (e97a722caafc2d3a8b807ee115bfb307f7d2cfd9), userDataDir=C:\Users\luckie\AppData\Local\Temp\scoped_dir6748_6910}, takesHeapSnapshot=true, pageLoadStrategy=normal, databaseEnabled=false, handlesAlerts=true, hasTouchScreen=false, version=56.0.2924.87, platform=XP, browserConnectionEnabled=false, nativeEvents=true, acceptSslCerts=true, locationContextEnabled=true, webStorageEnabled=true, browserName=chrome, takesScreenshot=true, javascriptEnabled=true, cssSelectorsEnabled=true, unexpectedAlertBehaviour=}]
Session ID: da678ea24c37a13fd1b32bb14893c78e
	at monster.update.testCases.Login_Mon.login(Login_Mon.java:16)
</failure>
    <system-err><![CDATA[Starting ChromeDriver 2.27.440174 (e97a722caafc2d3a8b807ee115bfb307f7d2cfd9) on port 19821
Only local connections are allowed.
]]></system-err>
  </testcase>
  <testcase name="login__" classname="com.update.testCases.Login_" time="3.33"/>
  <testcase name="upload" classname="com.update.testCases.Login_" time="13.6"/>
  <testcase name="logout" classname="com.update.testCases.Login_" time="1.227">
    <failure message="element not visible&#10;  (Session info: chrome=56.0.2924.87)&#10;  (Driver info: chromedriver=2.27.440174 (e97a722caafc2d3a8b807ee115bfb307f7d2cfd9),platform=Windows NT 10.0.14393 x86) (WARNING: The server did not provide any stacktrace information)&#10;Command duration or timeout: 53 milliseconds&#10;Build info: version: &apos;2.42.0&apos;, revision: &apos;5e824302019c86eae9c8c3ca9155e7307b410cf8&apos;, time: &apos;2014-05-24 09:48:41&apos;&#10;System info: host: &apos;DESKTOP-GBQT2QC&apos;, ip: &apos;172.18.24.180&apos;, os.name: &apos;Windows 10&apos;, os.arch: &apos;x86&apos;, os.version: &apos;10.0&apos;, java.version: &apos;1.8.0_121&apos;&#10;Driver info: org.openqa.selenium.chrome.ChromeDriver&#10;Capabilities [{applicationCacheEnabled=false, rotatable=false, mobileEmulationEnabled=false, networkConnectionEnabled=false, chrome={chromedriverVersion=2.27.440174 (e97a722caafc2d3a8b807ee115bfb307f7d2cfd9), userDataDir=C:\Users\luckie\AppData\Local\Temp\scoped_dir6748_6910}, takesHeapSnapshot=true, pageLoadStrategy=normal, databaseEnabled=false, handlesAlerts=true, hasTouchScreen=false, version=56.0.2924.87, platform=XP, browserConnectionEnabled=false, nativeEvents=true, acceptSslCerts=true, locationContextEnabled=true, webStorageEnabled=true, browserName=chrome, takesScreenshot=true, javascriptEnabled=true, cssSelectorsEnabled=true, unexpectedAlertBehaviour=}]&#10;Session ID: da678ea24c37a13fd1b32bb14893c78e" type="org.openqa.selenium.ElementNotVisibleException">org.openqa.selenium.ElementNotVisibleException: 
element not visible
  (Session info: chrome=56.0.2924.87)
  (Driver info: chromedriver=2.27.440174 (e97a722caafc2d3a8b807ee115bfb307f7d2cfd9),platform=Windows NT 10.0.14393 x86) (WARNING: The server did not provide any stacktrace information)
Command duration or timeout: 53 milliseconds
Build info: version: '2.42.0', revision: '5e824302019c86eae9c8c3ca9155e7307b410cf8', time: '2014-05-24 09:48:41'
System info: host: 'DESKTOP-GBQT2QC', ip: '172.18.24.180', os.name: 'Windows 10', os.arch: 'x86', os.version: '10.0', java.version: '1.8.0_121'
Driver info: org.openqa.selenium.chrome.ChromeDriver
Capabilities [{applicationCacheEnabled=false, rotatable=false, mobileEmulationEnabled=false, networkConnectionEnabled=false, chrome={chromedriverVersion=2.27.440174 (e97a722caafc2d3a8b807ee115bfb307f7d2cfd9), userDataDir=C:\Users\luckie\AppData\Local\Temp\scoped_dir6748_6910}, takesHeapSnapshot=true, pageLoadStrategy=normal, databaseEnabled=false, handlesAlerts=true, hasTouchScreen=false, version=56.0.2924.87, platform=XP, browserConnectionEnabled=false, nativeEvents=true, acceptSslCerts=true, locationContextEnabled=true, webStorageEnabled=true, browserName=chrome, takesScreenshot=true, javascriptEnabled=true, cssSelectorsEnabled=true, unexpectedAlertBehaviour=}]
Session ID: da678ea24c37a13fd1b32bb14893c78e
	at com.update.testCases.Login_.logout(Login_.java:22)
</failure>
  </testcase>
  <testcase name="login" classname="com.jyoti.theOnlineDrugstore.testcases.Login" time="28.562">
    <failure message="chrome not reachable&#10;  (Session info: chrome=56.0.2924.87)&#10;  (Driver info: chromedriver=2.27.440174 (e97a722caafc2d3a8b807ee115bfb307f7d2cfd9),platform=Windows NT 10.0.14393 x86) (WARNING: The server did not provide any stacktrace information)&#10;Command duration or timeout: 4.05 seconds&#10;Build info: version: &apos;2.42.0&apos;, revision: &apos;5e824302019c86eae9c8c3ca9155e7307b410cf8&apos;, time: &apos;2014-05-24 09:48:41&apos;&#10;System info: host: &apos;DESKTOP-GBQT2QC&apos;, ip: &apos;172.18.24.180&apos;, os.name: &apos;Windows 10&apos;, os.arch: &apos;x86&apos;, os.version: &apos;10.0&apos;, java.version: &apos;1.8.0_121&apos;&#10;Driver info: org.openqa.selenium.chrome.ChromeDriver&#10;Capabilities [{applicationCacheEnabled=false, rotatable=false, mobileEmulationEnabled=false, networkConnectionEnabled=false, chrome={chromedriverVersion=2.27.440174 (e97a722caafc2d3a8b807ee115bfb307f7d2cfd9), userDataDir=C:\Users\luckie\AppData\Local\Temp\scoped_dir6748_6910}, takesHeapSnapshot=true, pageLoadStrategy=normal, databaseEnabled=false, handlesAlerts=true, hasTouchScreen=false, version=56.0.2924.87, platform=XP, browserConnectionEnabled=false, nativeEvents=true, acceptSslCerts=true, locationContextEnabled=true, webStorageEnabled=true, browserName=chrome, takesScreenshot=true, javascriptEnabled=true, cssSelectorsEnabled=true, unexpectedAlertBehaviour=}]&#10;Session ID: da678ea24c37a13fd1b32bb14893c78e" type="org.openqa.selenium.WebDriverException">org.openqa.selenium.WebDriverException: 
chrome not reachable
  (Session info: chrome=56.0.2924.87)
  (Driver info: chromedriver=2.27.440174 (e97a722caafc2d3a8b807ee115bfb307f7d2cfd9),platform=Windows NT 10.0.14393 x86) (WARNING: The server did not provide any stacktrace information)
Command duration or timeout: 4.05 seconds
Build info: version: '2.42.0', revision: '5e824302019c86eae9c8c3ca9155e7307b410cf8', time: '2014-05-24 09:48:41'
System info: host: 'DESKTOP-GBQT2QC', ip: '172.18.24.180', os.name: 'Windows 10', os.arch: 'x86', os.version: '10.0', java.version: '1.8.0_121'
Driver info: org.openqa.selenium.chrome.ChromeDriver
Capabilities [{applicationCacheEnabled=false, rotatable=false, mobileEmulationEnabled=false, networkConnectionEnabled=false, chrome={chromedriverVersion=2.27.440174 (e97a722caafc2d3a8b807ee115bfb307f7d2cfd9), userDataDir=C:\Users\luckie\AppData\Local\Temp\scoped_dir6748_6910}, takesHeapSnapshot=true, pageLoadStrategy=normal, databaseEnabled=false, handlesAlerts=true, hasTouchScreen=false, version=56.0.2924.87, platform=XP, browserConnectionEnabled=false, nativeEvents=true, acceptSslCerts=true, locationContextEnabled=true, webStorageEnabled=true, browserName=chrome, takesScreenshot=true, javascriptEnabled=true, cssSelectorsEnabled=true, unexpectedAlertBehaviour=}]
Session ID: da678ea24c37a13fd1b32bb14893c78e
	at com.jyoti.theOnlineDrugstore.testcases.Login.login(Login.java:15)
</failure>
  </testcase>
  <testcase name="nutriBags" classname="com.jyoti.theOnlineDrugstore.testcases.Login" time="4.036">
    <failure message="chrome not reachable&#10;  (Session info: chrome=56.0.2924.87)&#10;  (Driver info: chromedriver=2.27.440174 (e97a722caafc2d3a8b807ee115bfb307f7d2cfd9),platform=Windows NT 10.0.14393 x86) (WARNING: The server did not provide any stacktrace information)&#10;Command duration or timeout: 4.04 seconds&#10;Build info: version: &apos;2.42.0&apos;, revision: &apos;5e824302019c86eae9c8c3ca9155e7307b410cf8&apos;, time: &apos;2014-05-24 09:48:41&apos;&#10;System info: host: &apos;DESKTOP-GBQT2QC&apos;, ip: &apos;172.18.24.180&apos;, os.name: &apos;Windows 10&apos;, os.arch: &apos;x86&apos;, os.version: &apos;10.0&apos;, java.version: &apos;1.8.0_121&apos;&#10;Driver info: org.openqa.selenium.chrome.ChromeDriver&#10;Capabilities [{applicationCacheEnabled=false, rotatable=false, mobileEmulationEnabled=false, networkConnectionEnabled=false, chrome={chromedriverVersion=2.27.440174 (e97a722caafc2d3a8b807ee115bfb307f7d2cfd9), userDataDir=C:\Users\luckie\AppData\Local\Temp\scoped_dir6748_6910}, takesHeapSnapshot=true, pageLoadStrategy=normal, databaseEnabled=false, handlesAlerts=true, hasTouchScreen=false, version=56.0.2924.87, platform=XP, browserConnectionEnabled=false, nativeEvents=true, acceptSslCerts=true, locationContextEnabled=true, webStorageEnabled=true, browserName=chrome, takesScreenshot=true, javascriptEnabled=true, cssSelectorsEnabled=true, unexpectedAlertBehaviour=}]&#10;Session ID: da678ea24c37a13fd1b32bb14893c78e" type="org.openqa.selenium.WebDriverException">org.openqa.selenium.WebDriverException: 
chrome not reachable
  (Session info: chrome=56.0.2924.87)
  (Driver info: chromedriver=2.27.440174 (e97a722caafc2d3a8b807ee115bfb307f7d2cfd9),platform=Windows NT 10.0.14393 x86) (WARNING: The server did not provide any stacktrace information)
Command duration or timeout: 4.04 seconds
Build info: version: '2.42.0', revision: '5e824302019c86eae9c8c3ca9155e7307b410cf8', time: '2014-05-24 09:48:41'
System info: host: 'DESKTOP-GBQT2QC', ip: '172.18.24.180', os.name: 'Windows 10', os.arch: 'x86', os.version: '10.0', java.version: '1.8.0_121'
Driver info: org.openqa.selenium.chrome.ChromeDriver
Capabilities [{applicationCacheEnabled=false, rotatable=false, mobileEmulationEnabled=false, networkConnectionEnabled=false, chrome={chromedriverVersion=2.27.440174 (e97a722caafc2d3a8b807ee115bfb307f7d2cfd9), userDataDir=C:\Users\luckie\AppData\Local\Temp\scoped_dir6748_6910}, takesHeapSnapshot=true, pageLoadStrategy=normal, databaseEnabled=false, handlesAlerts=true, hasTouchScreen=false, version=56.0.2924.87, platform=XP, browserConnectionEnabled=false, nativeEvents=true, acceptSslCerts=true, locationContextEnabled=true, webStorageEnabled=true, browserName=chrome, takesScreenshot=true, javascriptEnabled=true, cssSelectorsEnabled=true, unexpectedAlertBehaviour=}]
Session ID: da678ea24c37a13fd1b32bb14893c78e
	at com.jyoti.theOnlineDrugstore.testcases.Login.nutriBags(Login.java:21)
</failure>
  </testcase>
  <testcase name="addToCart" classname="com.jyoti.theOnlineDrugstore.testcases.Login" time="4.631">
    <failure message="chrome not reachable&#10;  (Session info: chrome=56.0.2924.87)&#10;  (Driver info: chromedriver=2.27.440174 (e97a722caafc2d3a8b807ee115bfb307f7d2cfd9),platform=Windows NT 10.0.14393 x86) (WARNING: The server did not provide any stacktrace information)&#10;Command duration or timeout: 4.63 seconds&#10;Build info: version: &apos;2.42.0&apos;, revision: &apos;5e824302019c86eae9c8c3ca9155e7307b410cf8&apos;, time: &apos;2014-05-24 09:48:41&apos;&#10;System info: host: &apos;DESKTOP-GBQT2QC&apos;, ip: &apos;172.18.24.180&apos;, os.name: &apos;Windows 10&apos;, os.arch: &apos;x86&apos;, os.version: &apos;10.0&apos;, java.version: &apos;1.8.0_121&apos;&#10;Driver info: org.openqa.selenium.chrome.ChromeDriver&#10;Capabilities [{applicationCacheEnabled=false, rotatable=false, mobileEmulationEnabled=false, networkConnectionEnabled=false, chrome={chromedriverVersion=2.27.440174 (e97a722caafc2d3a8b807ee115bfb307f7d2cfd9), userDataDir=C:\Users\luckie\AppData\Local\Temp\scoped_dir6748_6910}, takesHeapSnapshot=true, pageLoadStrategy=normal, databaseEnabled=false, handlesAlerts=true, hasTouchScreen=false, version=56.0.2924.87, platform=XP, browserConnectionEnabled=false, nativeEvents=true, acceptSslCerts=true, locationContextEnabled=true, webStorageEnabled=true, browserName=chrome, takesScreenshot=true, javascriptEnabled=true, cssSelectorsEnabled=true, unexpectedAlertBehaviour=}]&#10;Session ID: da678ea24c37a13fd1b32bb14893c78e" type="org.openqa.selenium.WebDriverException">org.openqa.selenium.WebDriverException: 
chrome not reachable
  (Session info: chrome=56.0.2924.87)
  (Driver info: chromedriver=2.27.440174 (e97a722caafc2d3a8b807ee115bfb307f7d2cfd9),platform=Windows NT 10.0.14393 x86) (WARNING: The server did not provide any stacktrace information)
Command duration or timeout: 4.63 seconds
Build info: version: '2.42.0', revision: '5e824302019c86eae9c8c3ca9155e7307b410cf8', time: '2014-05-24 09:48:41'
System info: host: 'DESKTOP-GBQT2QC', ip: '172.18.24.180', os.name: 'Windows 10', os.arch: 'x86', os.version: '10.0', java.version: '1.8.0_121'
Driver info: org.openqa.selenium.chrome.ChromeDriver
Capabilities [{applicationCacheEnabled=false, rotatable=false, mobileEmulationEnabled=false, networkConnectionEnabled=false, chrome={chromedriverVersion=2.27.440174 (e97a722caafc2d3a8b807ee115bfb307f7d2cfd9), userDataDir=C:\Users\luckie\AppData\Local\Temp\scoped_dir6748_6910}, takesHeapSnapshot=true, pageLoadStrategy=normal, databaseEnabled=false, handlesAlerts=true, hasTouchScreen=false, version=56.0.2924.87, platform=XP, browserConnectionEnabled=false, nativeEvents=true, acceptSslCerts=true, locationContextEnabled=true, webStorageEnabled=true, browserName=chrome, takesScreenshot=true, javascriptEnabled=true, cssSelectorsEnabled=true, unexpectedAlertBehaviour=}]
Session ID: da678ea24c37a13fd1b32bb14893c78e
	at com.jyoti.theOnlineDrugstore.testcases.Login.addToCart(Login.java:25)
</failure>
    <system-out><![CDATA[Entering into add to cart,,,,,,,,,,,,,,****************(*
]]></system-out>
  </testcase>
</testsuite>