<?xml version="1.0" encoding="UTF-8"?>
<testng-results skipped="0" failed="0" ignored="0" total="3" passed="3">
  <reporter-output>
  </reporter-output>
  <suite name="Default suite" duration-ms="21896" started-at="2017-03-26T19:38:09Z" finished-at="2017-03-26T19:38:31Z">
    <groups>
    </groups>
    <test name="Default test" duration-ms="21896" started-at="2017-03-26T19:38:09Z" finished-at="2017-03-26T19:38:31Z">
      <class name="com.update.testCases.Login_">
        <test-method status="PASS" signature="login__()[pri:1, instance:com.update.testCases.Login_@957e06]" name="login__" duration-ms="4273" started-at="2017-03-27T01:08:09Z" finished-at="2017-03-27T01:08:13Z">
          <reporter-output>
          </reporter-output>
        </test-method> <!-- login__ -->
        <test-method status="PASS" signature="upload()[pri:2, instance:com.update.testCases.Login_@957e06]" name="upload" duration-ms="14802" started-at="2017-03-27T01:08:13Z" finished-at="2017-03-27T01:08:28Z">
          <reporter-output>
          </reporter-output>
        </test-method> <!-- upload -->
        <test-method status="PASS" signature="logout()[pri:3, instance:com.update.testCases.Login_@957e06]" name="logout" duration-ms="2763" started-at="2017-03-27T01:08:28Z" finished-at="2017-03-27T01:08:31Z">
          <reporter-output>
          </reporter-output>
        </test-method> <!-- logout -->
      </class> <!-- com.update.testCases.Login_ -->
    </test> <!-- Default test -->
  </suite> <!-- Default suite -->
</testng-results>
