<?xml version="1.0" encoding="UTF-8"?>
<testng-results skipped="0" failed="0" ignored="0" total="1" passed="1">
  <reporter-output>
  </reporter-output>
  <suite name="Default suite" duration-ms="58863" started-at="2017-03-30T04:41:27Z" finished-at="2017-03-30T04:42:26Z">
    <groups>
    </groups>
    <test name="Default test" duration-ms="58863" started-at="2017-03-30T04:41:27Z" finished-at="2017-03-30T04:42:26Z">
      <class name="com.jyoti.theOnlineDrugstore.testcases.AddGiftCertificate">
        <test-method status="PASS" signature="clickMainLink()[pri:0, instance:com.jyoti.theOnlineDrugstore.testcases.AddGiftCertificate@1ab3f1a]" name="clickMainLink" duration-ms="58722" started-at="2017-03-30T10:11:27Z" finished-at="2017-03-30T10:12:26Z">
          <reporter-output>
          </reporter-output>
        </test-method> <!-- clickMainLink -->
      </class> <!-- com.jyoti.theOnlineDrugstore.testcases.AddGiftCertificate -->
    </test> <!-- Default test -->
  </suite> <!-- Default suite -->
</testng-results>
